# JRE version: OpenJDK Runtime Environment (8.0_152-b01) (build 1.8.0_152-release-1343-b01)
# Java VM: OpenJDK 64-Bit Server VM (25.152-b01 mixed mode windows-amd64 compressed oops)
Heap:
 PSYoungGen      total 416256K, used 179970K [0x00000000e0000000, 0x00000000fbc00000, 0x0000000100000000)
  eden space 384000K, 41% used [0x00000000e0000000,0x00000000e9a5e8a0,0x00000000f7700000)
  from space 32256K, 67% used [0x00000000f9c80000,0x00000000fb1e21c0,0x00000000fbc00000)
  to   space 35328K, 0% used [0x00000000f7700000,0x00000000f7700000,0x00000000f9980000)
 ParOldGen       total 159232K, used 75806K [0x00000000a0000000, 0x00000000a9b80000, 0x00000000e0000000)
  object space 159232K, 47% used [0x00000000a0000000,0x00000000a4a07ae0,0x00000000a9b80000)
 Metaspace       used 99758K, capacity 104420K, committed 104640K, reserved 1140736K
  class space    used 12620K, capacity 13448K, committed 13544K, reserved 1048576K
GC Heap History (10 events):
Event: 689.600 GC heap before
{Heap before GC invocations=20 (full 3):
 PSYoungGen      total 321536K, used 126592K [0x00000000e0000000, 0x00000000f5500000, 0x0000000100000000)
  eden space 301056K, 35% used [0x00000000e0000000,0x00000000e684d8c8,0x00000000f2600000)
  from space 20480K, 96% used [0x00000000f3c80000,0x00000000f4fd28a8,0x00000000f5080000)
  to   space 23040K, 0% used [0x00000000f2600000,0x00000000f2600000,0x00000000f3c80000)
 ParOldGen       total 103424K, used 56179K [0x00000000a0000000, 0x00000000a6500000, 0x00000000e0000000)
  object space 103424K, 54% used [0x00000000a0000000,0x00000000a36dcc80,0x00000000a6500000)
 Metaspace       used 94388K, capacity 98402K, committed 98496K, reserved 1134592K
  class space    used 12128K, capacity 12941K, committed 13032K, reserved 1048576K
Event: 689.620 GC heap after
Heap after GC invocations=20 (full 3):
 PSYoungGen      total 324096K, used 22004K [0x00000000e0000000, 0x00000000f7c80000, 0x0000000100000000)
  eden space 301056K, 0% used [0x00000000e0000000,0x00000000e0000000,0x00000000f2600000)
  from space 23040K, 95% used [0x00000000f2600000,0x00000000f3b7d370,0x00000000f3c80000)
  to   space 25600K, 0% used [0x00000000f6380000,0x00000000f6380000,0x00000000f7c80000)
 ParOldGen       total 103424K, used 56187K [0x00000000a0000000, 0x00000000a6500000, 0x00000000e0000000)
  object space 103424K, 54% used [0x00000000a0000000,0x00000000a36dec80,0x00000000a6500000)
 Metaspace       used 94388K, capacity 98402K, committed 98496K, reserved 1134592K
  class space    used 12128K, capacity 12941K, committed 13032K, reserved 1048576K
}
Event: 689.620 GC heap before
{Heap before GC invocations=21 (full 4):
 PSYoungGen      total 324096K, used 22004K [0x00000000e0000000, 0x00000000f7c80000, 0x0000000100000000)
  eden space 301056K, 0% used [0x00000000e0000000,0x00000000e0000000,0x00000000f2600000)
  from space 23040K, 95% used [0x00000000f2600000,0x00000000f3b7d370,0x00000000f3c80000)
  to   space 25600K, 0% used [0x00000000f6380000,0x00000000f6380000,0x00000000f7c80000)
 ParOldGen       total 103424K, used 56187K [0x00000000a0000000, 0x00000000a6500000, 0x00000000e0000000)
  object space 103424K, 54% used [0x00000000a0000000,0x00000000a36dec80,0x00000000a6500000)
 Metaspace       used 94388K, capacity 98402K, committed 98496K, reserved 1134592K
  class space    used 12128K, capacity 12941K, committed 13032K, reserved 1048576K
Event: 689.780 GC heap after
Heap after GC invocations=21 (full 4):
 PSYoungGen      total 324096K, used 0K [0x00000000e0000000, 0x00000000f7c80000, 0x0000000100000000)
  eden space 301056K, 0% used [0x00000000e0000000,0x00000000e0000000,0x00000000f2600000)
  from space 23040K, 0% used [0x00000000f2600000,0x00000000f2600000,0x00000000f3c80000)
  to   space 25600K, 0% used [0x00000000f6380000,0x00000000f6380000,0x00000000f7c80000)
 ParOldGen       total 159232K, used 61486K [0x00000000a0000000, 0x00000000a9b80000, 0x00000000e0000000)
  object space 159232K, 38% used [0x00000000a0000000,0x00000000a3c0bac8,0x00000000a9b80000)
 Metaspace       used 93969K, capacity 97314K, committed 98496K, reserved 1134592K
  class space    used 11983K, capacity 12691K, committed 13032K, reserved 1048576K
}
Event: 690.760 GC heap before
{Heap before GC invocations=22 (full 4):
 PSYoungGen      total 324096K, used 301056K [0x00000000e0000000, 0x00000000f7c80000, 0x0000000100000000)
  eden space 301056K, 100% used [0x00000000e0000000,0x00000000f2600000,0x00000000f2600000)
  from space 23040K, 0% used [0x00000000f2600000,0x00000000f2600000,0x00000000f3c80000)
  to   space 25600K, 0% used [0x00000000f6380000,0x00000000f6380000,0x00000000f7c80000)
 ParOldGen       total 159232K, used 61486K [0x00000000a0000000, 0x00000000a9b80000, 0x00000000e0000000)
  object space 159232K, 38% used [0x00000000a0000000,0x00000000a3c0bac8,0x00000000a9b80000)
 Metaspace       used 96701K, capacity 100978K, committed 101184K, reserved 1136640K
  class space    used 12290K, capacity 13075K, committed 13160K, reserved 1048576K
Event: 690.776 GC heap after
Heap after GC invocations=22 (full 4):
 PSYoungGen      total 364032K, used 7093K [0x00000000e0000000, 0x00000000f8400000, 0x0000000100000000)
  eden space 338432K, 0% used [0x00000000e0000000,0x00000000e0000000,0x00000000f4a80000)
  from space 25600K, 27% used [0x00000000f6380000,0x00000000f6a6d5f0,0x00000000f7c80000)
  to   space 25600K, 0% used [0x00000000f4a80000,0x00000000f4a80000,0x00000000f6380000)
 ParOldGen       total 159232K, used 61494K [0x00000000a0000000, 0x00000000a9b80000, 0x00000000e0000000)
  object space 159232K, 38% used [0x00000000a0000000,0x00000000a3c0dac8,0x00000000a9b80000)
 Metaspace       used 96701K, capacity 100978K, committed 101184K, reserved 1136640K
  class space    used 12290K, capacity 13075K, committed 13160K, reserved 1048576K
}
Event: 692.648 GC heap before
{Heap before GC invocations=23 (full 4):
 PSYoungGen      total 364032K, used 345525K [0x00000000e0000000, 0x00000000f8400000, 0x0000000100000000)
  eden space 338432K, 100% used [0x00000000e0000000,0x00000000f4a80000,0x00000000f4a80000)
  from space 25600K, 27% used [0x00000000f6380000,0x00000000f6a6d5f0,0x00000000f7c80000)
  to   space 25600K, 0% used [0x00000000f4a80000,0x00000000f4a80000,0x00000000f6380000)
 ParOldGen       total 159232K, used 61494K [0x00000000a0000000, 0x00000000a9b80000, 0x00000000e0000000)
  object space 159232K, 38% used [0x00000000a0000000,0x00000000a3c0dac8,0x00000000a9b80000)
 Metaspace       used 97896K, capacity 102194K, committed 102336K, reserved 1138688K
  class space    used 12400K, capacity 13193K, committed 13288K, reserved 1048576K
Event: 692.672 GC heap after
Heap after GC invocations=23 (full 4):
 PSYoungGen      total 364032K, used 25598K [0x00000000e0000000, 0x00000000fbe00000, 0x0000000100000000)
  eden space 338432K, 0% used [0x00000000e0000000,0x00000000e0000000,0x00000000f4a80000)
  from space 25600K, 99% used [0x00000000f4a80000,0x00000000f637f868,0x00000000f6380000)
  to   space 34304K, 0% used [0x00000000f9c80000,0x00000000f9c80000,0x00000000fbe00000)
 ParOldGen       total 159232K, used 75798K [0x00000000a0000000, 0x00000000a9b80000, 0x00000000e0000000)
  object space 159232K, 47% used [0x00000000a0000000,0x00000000a4a05ae0,0x00000000a9b80000)
 Metaspace       used 97896K, capacity 102194K, committed 102336K, reserved 1138688K
  class space    used 12400K, capacity 13193K, committed 13288K, reserved 1048576K
}
Event: 694.729 GC heap before
{Heap before GC invocations=24 (full 4):
 PSYoungGen      total 364032K, used 364030K [0x00000000e0000000, 0x00000000fbe00000, 0x0000000100000000)
  eden space 338432K, 100% used [0x00000000e0000000,0x00000000f4a80000,0x00000000f4a80000)
  from space 25600K, 99% used [0x00000000f4a80000,0x00000000f637f868,0x00000000f6380000)
  to   space 34304K, 0% used [0x00000000f9c80000,0x00000000f9c80000,0x00000000fbe00000)
 ParOldGen       total 159232K, used 75798K [0x00000000a0000000, 0x00000000a9b80000, 0x00000000e0000000)
  object space 159232K, 47% used [0x00000000a0000000,0x00000000a4a05ae0,0x00000000a9b80000)
 Metaspace       used 98376K, capacity 102768K, committed 102848K, reserved 1138688K
  class space    used 12442K, capacity 13262K, committed 13288K, reserved 1048576K
Event: 694.743 GC heap after
Heap after GC invocations=24 (full 4):
 PSYoungGen      total 416256K, used 21896K [0x00000000e0000000, 0x00000000fbc00000, 0x0000000100000000)
  eden space 384000K, 0% used [0x00000000e0000000,0x00000000e0000000,0x00000000f7700000)
  from space 32256K, 67% used [0x00000000f9c80000,0x00000000fb1e21c0,0x00000000fbc00000)
  to   space 35328K, 0% used [0x00000000f7700000,0x00000000f7700000,0x00000000f9980000)
 ParOldGen       total 159232K, used 75806K [0x00000000a0000000, 0x00000000a9b80000, 0x00000000e0000000)
  object space 159232K, 47% used [0x00000000a0000000,0x00000000a4a07ae0,0x00000000a9b80000)
 Metaspace       used 98376K, capacity 102768K, committed 102848K, reserved 1138688K
  class space    used 12442K, capacity 13262K, committed 13288K, reserved 1048576K
}

